2025-03-28 18:19:59.158  INFO watermelon-pc --- [kground-preinit] [Thread ID: 24] org.hibernate.validator.internal.util.Version - 21 : HV000001: Hibernate Validator 8.0.2.Final
2025-03-28 18:19:59.170  INFO watermelon-pc --- [           main] [Thread ID: 1] com.watermelon.sso.SsoApplication - 53 : Starting SsoApplication using Java 17.0.12 with PID 5433 (/Users/watermelon/workspace/cospapa-sso/target/classes started by watermelon in /Users/watermelon/workspace/cospapa-sso)
2025-03-28 18:19:59.171  INFO watermelon-pc --- [           main] [Thread ID: 1] com.watermelon.sso.SsoApplication - 652 : No active profile set, falling back to 1 default profile: "default"
2025-03-28 18:19:59.445  INFO watermelon-pc --- [           main] [Thread ID: 1] org.apache.coyote.http11.Http11NioProtocol - 173 : Initializing ProtocolHandler ["http-nio-8080"]
2025-03-28 18:19:59.445  INFO watermelon-pc --- [           main] [Thread ID: 1] org.apache.catalina.core.StandardService - 173 : Starting service [Tomcat]
2025-03-28 18:19:59.445  INFO watermelon-pc --- [           main] [Thread ID: 1] org.apache.catalina.core.StandardEngine - 173 : Starting Servlet engine: [Apache Tomcat/10.1.39]
2025-03-28 18:19:59.458  INFO watermelon-pc --- [           main] [Thread ID: 1] org.apache.catalina.core.ContainerBase.[Tomcat].[localhost].[/sso] - 173 : Initializing Spring embedded WebApplicationContext
2025-03-28 18:19:59.624  INFO watermelon-pc --- [           main] [Thread ID: 1] org.apache.coyote.http11.Http11NioProtocol - 173 : Starting ProtocolHandler ["http-nio-8080"]
2025-03-28 18:19:59.632  INFO watermelon-pc --- [           main] [Thread ID: 1] com.watermelon.sso.SsoApplication - 59 : Started SsoApplication in 0.571 seconds (process running for 0.835)
2025-03-28 18:50:37.779  INFO watermelon-pc --- [kground-preinit] [Thread ID: 24] org.hibernate.validator.internal.util.Version - 21 : HV000001: Hibernate Validator 8.0.2.Final
2025-03-28 18:50:37.792  INFO watermelon-pc --- [           main] [Thread ID: 1] com.watermelon.sso.SsoApplication - 53 : Starting SsoApplication using Java 17.0.12 with PID 5809 (/Users/watermelon/workspace/cospapa-sso/target/classes started by watermelon in /Users/watermelon/workspace/cospapa-sso)
2025-03-28 18:50:37.793  INFO watermelon-pc --- [           main] [Thread ID: 1] com.watermelon.sso.SsoApplication - 652 : No active profile set, falling back to 1 default profile: "default"
2025-03-28 18:50:38.086  INFO watermelon-pc --- [           main] [Thread ID: 1] org.apache.coyote.http11.Http11NioProtocol - 173 : Initializing ProtocolHandler ["http-nio-8080"]
2025-03-28 18:50:38.087  INFO watermelon-pc --- [           main] [Thread ID: 1] org.apache.catalina.core.StandardService - 173 : Starting service [Tomcat]
2025-03-28 18:50:38.087  INFO watermelon-pc --- [           main] [Thread ID: 1] org.apache.catalina.core.StandardEngine - 173 : Starting Servlet engine: [Apache Tomcat/10.1.39]
2025-03-28 18:50:38.100  INFO watermelon-pc --- [           main] [Thread ID: 1] org.apache.catalina.core.ContainerBase.[Tomcat].[localhost].[/sso] - 173 : Initializing Spring embedded WebApplicationContext
2025-03-28 18:50:38.388  INFO watermelon-pc --- [           main] [Thread ID: 1] org.apache.coyote.http11.Http11NioProtocol - 173 : Starting ProtocolHandler ["http-nio-8080"]
2025-03-28 18:50:38.395  INFO watermelon-pc --- [           main] [Thread ID: 1] com.watermelon.sso.SsoApplication - 59 : Started SsoApplication in 0.718 seconds (process running for 0.999)
2025-03-28 18:50:38.397  INFO watermelon-pc --- [           main] [Thread ID: 1] com.baomidou.mybatisplus.autoconfigure.DdlApplicationRunner - 95 : com.watermelon.sso.config.MybatisPlusDDL, run sql files [db/migration/V1.0.0.0__init.sql]
2025-03-28 18:50:38.398  INFO watermelon-pc --- [           main] [Thread ID: 1] com.zaxxer.hikari.HikariDataSource - 109 : HikariPool-1 - Starting...
2025-03-28 18:50:38.484  INFO watermelon-pc --- [           main] [Thread ID: 1] com.zaxxer.hikari.pool.HikariPool - 554 : HikariPool-1 - Added connection com.mysql.cj.jdbc.ConnectionImpl@4ecd8ab1
2025-03-28 18:50:38.486  INFO watermelon-pc --- [           main] [Thread ID: 1] com.zaxxer.hikari.HikariDataSource - 122 : HikariPool-1 - Start completed.
2025-03-28 18:51:31.154  INFO watermelon-pc --- [ionShutdownHook] [Thread ID: 23] com.zaxxer.hikari.HikariDataSource - 349 : HikariPool-1 - Shutdown initiated...
2025-03-28 18:51:31.157  INFO watermelon-pc --- [ionShutdownHook] [Thread ID: 23] com.zaxxer.hikari.HikariDataSource - 351 : HikariPool-1 - Shutdown completed.
